{
  "RSpec": {
    "coverage": {
      "/home/hlazo/Heber/projects_vip/working_schedule/lib/daily_turns.rb": {
        "lines": [
          null,
          null,
          1,
          1,
          null,
          null,
          1,
          1,
          null,
          1,
          null,
          null,
          null,
          1,
          4,
          4,
          4,
          4,
          4,
          4,
          null,
          null,
          1,
          20,
          null,
          18,
          18,
          null,
          null,
          1,
          18,
          null,
          null,
          null
        ]
      },
      "/home/hlazo/Heber/projects_vip/working_schedule/lib/helpers.rb": {
        "lines": [
          null,
          null,
          null,
          1,
          1,
          4,
          4,
          28,
          4,
          null,
          null,
          1,
          4,
          null,
          4,
          4,
          null,
          0,
          0,
          null,
          null,
          4,
          null,
          null,
          1,
          4,
          4,
          null,
          0,
          null,
          4,
          null,
          null,
          1,
          0,
          null,
          null,
          1,
          0,
          null,
          null,
          1,
          0,
          null,
          null,
          1,
          0,
          0,
          0,
          null,
          null,
          1,
          0,
          0,
          null,
          null,
          1,
          0,
          0,
          0,
          null,
          null,
          1,
          0,
          null,
          null,
          1,
          0,
          0,
          0,
          null,
          null,
          1,
          0,
          null,
          null,
          1,
          0,
          0,
          null,
          null,
          null
        ]
      },
      "/home/hlazo/Heber/projects_vip/working_schedule/lib/deparment_configuration.rb": {
        "lines": [
          null,
          null,
          null,
          1,
          1,
          null,
          1,
          4,
          4,
          null,
          null,
          1,
          0,
          null,
          0,
          null,
          null,
          1,
          0,
          null,
          0,
          null,
          null,
          null
        ]
      }
    },
    "timestamp": 1663296577
  }
}
